<?xml version="1.0" encoding="UTF-8"?>
<testsuite xmlns:xsi="http://www.w3.org/2001/XMLSchema-instance" xsi:noNamespaceSchemaLocation="https://maven.apache.org/surefire/maven-surefire-plugin/xsd/surefire-test-report.xsd" name="com.mycompany.project_unittest.AmLichTest" time="0.083" tests="5" errors="0" skipped="0" failures="0">
  <properties>
[...]
</properties>
  <testcase name="TC5_TestNam2000" classname="com.mycompany.project_unittest.AmLichTest" time="0.065"/>
  <testcase name="TC4_TestNam2023" classname="com.mycompany.project_unittest.AmLichTest" time="0"/>
  <testcase name="TC3_TestNam2020" classname="com.mycompany.project_unittest.AmLichTest" time="0.001"/>
  <testcase name="TC2_TestNam2023" classname="com.mycompany.project_unittest.AmLichTest" time="0.001"/>
  <testcase name="TC1_TestNam2000" classname="com.mycompany.project_unittest.AmLichTest" time="0.002"/>
</testsuite>